info it worked if it ends with ok
verbose cli [ 'node', '/usr/local/bin/npm', 'update' ]
info using npm@1.1.0-3
info using node@v0.6.10
verbose config file /Users/kimash/.npmrc
verbose config file /usr/local/etc/npmrc
verbose config file /usr/local/lib/node_modules/npm/npmrc
verbose caching /Users/kimash/Documents/Dynamic_Web/AroundITP/package.json
verbose loadDefaults express_w_mongodb@0.0.1
verbose caching /Users/kimash/Documents/Dynamic_Web/AroundITP/node_modules/ejs/package.json
verbose loadDefaults ejs@0.7.1
verbose caching /Users/kimash/Documents/Dynamic_Web/AroundITP/node_modules/express/package.json
verbose loadDefaults express@2.5.6
verbose caching /Users/kimash/Documents/Dynamic_Web/AroundITP/node_modules/mongoose/package.json
verbose loadDefaults mongoose@2.5.6
verbose caching /Users/kimash/Documents/Dynamic_Web/AroundITP/node_modules/request/package.json
verbose loadDefaults request@2.9.153
verbose caching /Users/kimash/Documents/Dynamic_Web/AroundITP/node_modules/twit/package.json
verbose loadDefaults twit@0.1.3
verbose cache add [ 'express', '2.5.6' ]
silly cache add: name, spec, args [ 'express', '2.5.6', [ 'express', '2.5.6' ] ]
verbose parsed url { pathname: '2.5.6', path: '2.5.6', href: '2.5.6' }
verbose addNamed [ 'express', '2.5.6' ]
verbose addNamed [ '2.5.6', '2.5.6' ]
verbose cache add [ 'ejs', 'latest' ]
silly cache add: name, spec, args [ 'ejs', 'latest', [ 'ejs', 'latest' ] ]
verbose parsed url { pathname: 'latest', path: 'latest', href: 'latest' }
verbose addNamed [ 'ejs', 'latest' ]
verbose addNamed [ null, null ]
info addNameTag [ 'ejs', 'latest' ]
verbose cache add [ 'mongoose', '2.5.6' ]
silly cache add: name, spec, args [ 'mongoose', '2.5.6', [ 'mongoose', '2.5.6' ] ]
verbose parsed url { pathname: '2.5.6', path: '2.5.6', href: '2.5.6' }
verbose addNamed [ 'mongoose', '2.5.6' ]
verbose addNamed [ '2.5.6', '2.5.6' ]
verbose cache add [ 'request', '2.9.153' ]
silly cache add: name, spec, args [ 'request', '2.9.153', [ 'request', '2.9.153' ] ]
verbose parsed url { pathname: '2.9.153', path: '2.9.153', href: '2.9.153' }
verbose addNamed [ 'request', '2.9.153' ]
verbose addNamed [ '2.9.153', '2.9.153' ]
verbose cache add [ 'twit', '0.1.3' ]
silly cache add: name, spec, args [ 'twit', '0.1.3', [ 'twit', '0.1.3' ] ]
verbose parsed url { pathname: '0.1.3', path: '0.1.3', href: '0.1.3' }
verbose addNamed [ 'twit', '0.1.3' ]
verbose addNamed [ '0.1.3', '0.1.3' ]
verbose cache add [ 'engines', { node: '0.6.10', npm: '1.1.0' } ]
silly cache add: name, spec, args [ 'engines',
silly cache add: name, spec, args   { node: '0.6.10', npm: '1.1.0' },
silly cache add: name, spec, args   [ 'engines', { node: '0.6.10', npm: '1.1.0' } ] ]
ERR! TypeError: Object #<Object> has no method 'replace'
ERR!     at add (/usr/local/lib/node_modules/npm/lib/cache.js:215:26)
ERR!     at Function.add (/usr/local/lib/node_modules/npm/lib/cache.js:177:10)
ERR!     at shouldUpdate (/usr/local/lib/node_modules/npm/lib/outdated.js:141:9)
ERR!     at /usr/local/lib/node_modules/npm/lib/outdated.js:115:7
ERR!     at /usr/local/lib/node_modules/npm/node_modules/slide/lib/async-map.js:54:35
ERR!     at Array.forEach (native)
ERR!     at /usr/local/lib/node_modules/npm/node_modules/slide/lib/async-map.js:54:11
ERR!     at Array.forEach (native)
ERR!     at asyncMap (/usr/local/lib/node_modules/npm/node_modules/slide/lib/async-map.js:53:8)
ERR!     at next (/usr/local/lib/node_modules/npm/lib/outdated.js:114:5)
ERR! You may report this log at:
ERR!     <http://github.com/isaacs/npm/issues>
ERR! or email it to:
ERR!     <npm-@googlegroups.com>
ERR! 
ERR! System Darwin 11.2.0
ERR! command "node" "/usr/local/bin/npm" "update"
ERR! cwd /Users/kimash/Documents/Dynamic_Web/AroundITP
ERR! node -v v0.6.10
ERR! npm -v 1.1.0-3
ERR! type undefined_method
ERR! arguments [ 'replace', { node: '0.6.10', npm: '1.1.0' } ]
ERR! message Object #<Object> has no method 'replace'
verbose exit [ 1, true ]
